<?xml version="1.0" encoding="UTF-8"?>
<!-- Generated by org.testng.reporters.JUnitReportReporter -->
<testsuite hostname="DESKTOP-Q7REACT" failures="0" tests="1" name="TestNG.A06_TakeScreenShotAs" time="8.799" errors="0" timestamp="2024-02-17T15:54:38 GMT-11:00" skipped="0">
  <testcase classname="TestNG.A06_TakeScreenShotAs" name="getSs" time="8.799"/>
  <system-out/>
</testsuite> <!-- TestNG.A06_TakeScreenShotAs -->
