<?xml version="1.0" encoding="UTF-8"?>
<!-- Generated by org.testng.reporters.JUnitReportReporter -->
<testsuite hostname="DESKTOP-Q7REACT" failures="0" tests="5" name="TestNG.A01_TestNG" time="0.024" errors="0" timestamp="2024-02-17T12:31:27 GMT-11:00" skipped="1">
  <testcase classname="TestNG.A01_TestNG" name="modify" time="0.004"/>
  <system-out>
    <![CDATA[modify]]>
  </system-out>
  <testcase classname="TestNG.A01_TestNG" name="getCustomer" time="0.007"/>
  <system-out>
    <![CDATA[Customer created]]>
  </system-out>
  <testcase classname="TestNG.A01_TestNG" name="getCustomer" time="0.006"/>
  <system-out>
    <![CDATA[Customer created]]>
  </system-out>
  <testcase classname="TestNG.A01_TestNG" name="getCustomer" time="0.007"/>
  <system-out>
    <![CDATA[Customer created]]>
  </system-out>
  <testcase classname="TestNG.A01_TestNG" name="Employee">
    <skipped/>
  </testcase> <!-- Employee -->
  <system-out/>
</testsuite> <!-- TestNG.A01_TestNG -->
