<?xml version="1.0" encoding="UTF-8"?>
<!-- Generated by org.testng.reporters.JUnitReportReporter -->
<testsuite hostname="DESKTOP-Q7REACT" failures="0" tests="2" name="TestNG.A05_TestNG_BaseClass_Utilization" time="35.876" errors="0" timestamp="2024-03-07T14:42:09 GMT-11:00" skipped="0">
  <testcase classname="TestNG.A05_TestNG_BaseClass_Utilization" name="modifyCustomer" time="19.923"/>
  <system-out>
    <![CDATA[Customer Modified Successfully]]>
  </system-out>
  <testcase classname="TestNG.A05_TestNG_BaseClass_Utilization" name="createCustomer" time="15.953"/>
  <system-out>
    <![CDATA[Created Customer]]>
  </system-out>
</testsuite> <!-- TestNG.A05_TestNG_BaseClass_Utilization -->
