<?xml version="1.0" encoding="UTF-8"?>
<!-- Generated by org.testng.reporters.JUnitReportReporter -->
<testsuite hostname="DESKTOP-Q7REACT" failures="0" tests="1" name="TestNG.A03_TestNG_Annotation" time="0.021" errors="0" timestamp="2024-02-17T14:06:27 GMT-11:00" skipped="0">
  <testcase classname="TestNG.A03_TestNG_Annotation" name="createCustomer" time="0.021"/>
  <system-out>
    <![CDATA[Customer Created Successfully]]>
  </system-out>
</testsuite> <!-- TestNG.A03_TestNG_Annotation -->
