<?xml version="1.0" encoding="UTF-8"?>
<!-- Generated by org.testng.reporters.JUnitReportReporter -->
<testsuite hostname="DESKTOP-Q7REACT" failures="0" tests="2" name="TestNG.A05_TestNG_BaseClass_Utilization" time="17.878" errors="0" timestamp="2024-02-17T15:08:45 GMT-11:00" skipped="0">
  <testcase classname="TestNG.A05_TestNG_BaseClass_Utilization" name="modifyCustomer" time="7.836"/>
  <system-out>
    <![CDATA[Customer Modified Successfully]]>
  </system-out>
  <testcase classname="TestNG.A05_TestNG_BaseClass_Utilization" name="createCustomer" time="10.042"/>
  <system-out>
    <![CDATA[Created Customer]]>
  </system-out>
</testsuite> <!-- TestNG.A05_TestNG_BaseClass_Utilization -->
