<?xml version="1.0" encoding="UTF-8"?>
<!-- Generated by org.testng.reporters.JUnitReportReporter -->
<testsuite hostname="DESKTOP-Q7REACT" failures="0" tests="5" name="TestNG.A00_TestNG" time="0.029" errors="0" timestamp="2024-02-17T12:31:27 GMT-11:00" skipped="0">
  <testcase classname="TestNG.A00_TestNG" name="Employee" time="0.017"/>
  <system-out>
    <![CDATA[Employee created]]>
  </system-out>
  <testcase classname="TestNG.A00_TestNG" name="getCustomer" time="0.003"/>
  <system-out>
    <![CDATA[Customer created]]>
  </system-out>
  <testcase classname="TestNG.A00_TestNG" name="getCustomer" time="0.003"/>
  <system-out>
    <![CDATA[Customer created]]>
  </system-out>
  <testcase classname="TestNG.A00_TestNG" name="getCustomer" time="0.003"/>
  <system-out>
    <![CDATA[Customer created]]>
  </system-out>
  <testcase classname="TestNG.A00_TestNG" name="modify" time="0.003"/>
  <system-out>
    <![CDATA[modify]]>
  </system-out>
</testsuite> <!-- TestNG.A00_TestNG -->
